<?xml version="1.0" encoding="UTF-8"?>
<!-- Generated by org.testng.reporters.JUnitReportReporter -->
<testsuite hostname="trinesis-ThinkPad-T460s" failures="0" tests="1" name="AppiumTesting.Appium.HybridTest" time="56.767" errors="0" timestamp="2024-04-02T17:16:50 IST" skipped="0">
  <testcase classname="AppiumTesting.Appium.HybridTest" name="hybrid" time="56.767"/>
</testsuite> <!-- AppiumTesting.Appium.HybridTest -->
