<?xml version="1.0" encoding="UTF-8"?>
<!-- Generated by org.testng.reporters.JUnitReportReporter -->
<testsuite hostname="trinesis-ThinkPad-T460s" failures="0" tests="1" name="AppiumTesting.Appium.Base" time="8.617" errors="0" timestamp="2024-03-19T17:24:09 IST" skipped="0">
  <testcase classname="AppiumTesting.Appium.Base" name="configureAppium" time="8.617"/>
</testsuite> <!-- AppiumTesting.Appium.Base -->
