<?xml version="1.0" encoding="UTF-8"?>
<!-- Generated by org.testng.reporters.JUnitReportReporter -->
<testsuite hostname="trinesis-ThinkPad-T460s" failures="0" tests="1" name="AppiumTesting.Appium.Base2" time="5.492" errors="0" timestamp="2024-03-20T13:25:11 IST" skipped="0">
  <testcase classname="AppiumTesting.Appium.Base2" name="configureAppium" time="5.492"/>
</testsuite> <!-- AppiumTesting.Appium.Base2 -->
