<?xml version="1.0" encoding="UTF-8"?>
<!-- Generated by org.testng.reporters.JUnitReportReporter -->
<testsuite hostname="trinesis-ThinkPad-T460s" failures="0" tests="1" name="AppiumTesting.Appium.ViewText" time="9.196" errors="0" timestamp="2024-03-20T16:00:40 IST" skipped="0">
  <testcase classname="AppiumTesting.Appium.ViewText" name="textTest" time="9.196"/>
</testsuite> <!-- AppiumTesting.Appium.ViewText -->
