<?xml version="1.0" encoding="UTF-8"?>
<!-- Generated by org.testng.reporters.JUnitReportReporter -->
<testsuite hostname="trinesis-ThinkPad-T460s" failures="0" tests="1" name="AppiumTesting.Appium.SetWiFi" time="16.341" errors="0" timestamp="2024-03-20T15:58:45 IST" skipped="0">
  <testcase classname="AppiumTesting.Appium.SetWiFi" name="setwifiTest" time="16.341"/>
</testsuite> <!-- AppiumTesting.Appium.SetWiFi -->
