<?xml version="1.0" encoding="UTF-8"?>
<!-- Generated by org.testng.reporters.JUnitReportReporter -->
<testsuite hostname="trinesis-ThinkPad-T460s" failures="0" tests="1" name="AppRelease.SignUp" time="19.597" errors="0" timestamp="03 Apr 2024 10:47:10 GMT" skipped="0">
  <testcase classname="AppRelease.SignUp" name="signUp" time="19.597"/>
</testsuite> <!-- AppRelease.SignUp -->
