<?xml version="1.0" encoding="UTF-8"?>
<!-- Generated by org.testng.reporters.JUnitReportReporter -->
<testsuite hostname="trinesis-ThinkPad-T460s" failures="0" tests="1" name="AppiumTesting.Appium.SwitchHandling" time="24.883" errors="0" timestamp="2024-04-02T12:51:13 IST" skipped="0">
  <testcase classname="AppiumTesting.Appium.SwitchHandling" name="switches" time="24.883"/>
</testsuite> <!-- AppiumTesting.Appium.SwitchHandling -->
