<?xml version="1.0" encoding="UTF-8"?>
<!-- Generated by org.testng.reporters.JUnitReportReporter -->
<testsuite hostname="trinesis-ThinkPad-T460s" failures="0" tests="2" name="AppiumTesting.Appium.Genreral_StoreTest" time="56.699" errors="0" timestamp="2024-03-28T12:10:48 IST" skipped="1">
  <testcase classname="AppiumTesting.Appium.Genreral_StoreTest" name="toastMsgTest" time="56.699"/>
  <testcase classname="AppiumTesting.Appium.Genreral_StoreTest" name="dropDown">
    <skipped/>
  </testcase> <!-- dropDown -->
</testsuite> <!-- AppiumTesting.Appium.Genreral_StoreTest -->
