<?xml version="1.0" encoding="UTF-8"?>
<!-- Generated by org.testng.reporters.JUnitReportReporter -->
<testsuite hostname="trinesis-ThinkPad-T460s" failures="0" tests="1" name="AppRelease.login" time="16.019" errors="0" timestamp="03 Apr 2024 10:53:09 GMT" skipped="0">
  <testcase classname="AppRelease.login" name="loginTest" time="16.019"/>
</testsuite> <!-- AppRelease.login -->
