<?xml version="1.0" encoding="UTF-8"?>
<!-- Generated by org.testng.reporters.JUnitReportReporter -->
<testsuite hostname="trinesis-ThinkPad-T460s" failures="0" tests="1" name="AppiumTesting.Appium.LongPress" time="20.854" errors="0" timestamp="2024-03-20T18:21:22 IST" skipped="0">
  <testcase classname="AppiumTesting.Appium.LongPress" name="longpressTest" time="20.854"/>
</testsuite> <!-- AppiumTesting.Appium.LongPress -->
