<?xml version="1.0" encoding="UTF-8"?>
<!-- Generated by org.testng.reporters.JUnitReportReporter -->
<testsuite hostname="trinesis-ThinkPad-T460s" failures="0" tests="1" name="AppiumTesting.Appium.Base1" time="20.522" errors="0" timestamp="2024-03-20T13:24:42 IST" skipped="0">
  <testcase classname="AppiumTesting.Appium.Base1" name="configureAppium" time="20.522"/>
</testsuite> <!-- AppiumTesting.Appium.Base1 -->
