<?xml version="1.0" encoding="UTF-8"?>
<!-- Generated by org.testng.reporters.JUnitReportReporter -->
<testsuite hostname="trinesis-ThinkPad-T460s" failures="0" tests="1" name="Tests.FacebookTest" time="75.688" errors="0" timestamp="05 Apr 2024 06:56:01 GMT" skipped="0">
  <testcase classname="Tests.FacebookTest" name="AllFaceBookTest" time="75.688"/>
</testsuite> <!-- Tests.FacebookTest -->
