<?xml version="1.0" encoding="UTF-8"?>
<!-- Generated by org.testng.reporters.JUnitReportReporter -->
<testsuite hostname="trinesis-ThinkPad-T460s" failures="0" tests="1" name="FaceBookTests.LoginTest" time="13.732" errors="0" timestamp="15 Apr 2024 06:37:25 GMT" skipped="0">
  <testcase classname="FaceBookTests.LoginTest" name="login" time="13.732"/>
</testsuite> <!-- FaceBookTests.LoginTest -->
