<?xml version="1.0" encoding="UTF-8"?>
<!-- Generated by org.testng.reporters.JUnitReportReporter -->
<testsuite hostname="trinesis-ThinkPad-T460s" failures="0" tests="1" name="Tests.signUpTest" time="49.834" errors="0" timestamp="05 Apr 2024 06:45:19 GMT" skipped="0">
  <testcase classname="Tests.signUpTest" name="signUp" time="49.834"/>
</testsuite> <!-- Tests.signUpTest -->
